<?xml version="1.0" encoding="UTF-8"?>
<!-- Generated by org.testng.reporters.JUnitReportReporter -->
<testsuite hostname="craze" failures="0" tests="1" name="com.foodbuddy.testCases.LogOutTestCase" time="0.465" errors="0" timestamp="2024-06-17T17:37:37 IST" skipped="0">
  <testcase classname="com.foodbuddy.testCases.LogOutTestCase" name="logout" time="0.465"/>
</testsuite> <!-- com.foodbuddy.testCases.LogOutTestCase -->
