<?xml version="1.0" encoding="UTF-8"?>
<!-- Generated by org.testng.reporters.JUnitReportReporter -->
<testsuite hostname="craze" failures="0" tests="1" name="TestCases.LoginPageTestCases" time="5.440" errors="0" timestamp="2024-06-15T19:57:10 IST" skipped="0">
  <testcase classname="TestCases.LoginPageTestCases" name="login" time="5.440"/>
</testsuite> <!-- TestCases.LoginPageTestCases -->
