<?xml version="1.0" encoding="UTF-8"?>
<!-- Generated by org.testng.reporters.JUnitReportReporter -->
<testsuite hostname="craze" failures="0" tests="4" name="com.foodbuddy.testCases.RestaurantsPageTestCase" time="21.562" errors="0" timestamp="2024-06-17T17:37:37 IST" skipped="1">
  <testcase classname="com.foodbuddy.testCases.RestaurantsPageTestCase" name="restaurantsClick" time="20.934"/>
  <testcase classname="com.foodbuddy.testCases.RestaurantsPageTestCase" name="locationSearch" time="0.380"/>
  <testcase classname="com.foodbuddy.testCases.RestaurantsPageTestCase" name="foodTypeButton" time="0.248"/>
  <testcase classname="com.foodbuddy.testCases.RestaurantsPageTestCase" name="restaurants">
    <skipped/>
  </testcase> <!-- restaurants -->
</testsuite> <!-- com.foodbuddy.testCases.RestaurantsPageTestCase -->
