<?xml version="1.0" encoding="UTF-8"?>
<!-- Generated by org.testng.reporters.JUnitReportReporter -->
<testsuite hostname="craze" failures="0" tests="1" name="com.foodbuddy.testCases.LoginPageTestCase" time="4.638" errors="0" timestamp="2024-06-17T17:37:37 IST" skipped="0">
  <testcase classname="com.foodbuddy.testCases.LoginPageTestCase" name="loginTestCase" time="4.638"/>
</testsuite> <!-- com.foodbuddy.testCases.LoginPageTestCase -->
