<?xml version="1.0" encoding="UTF-8"?>
<!-- Generated by org.testng.reporters.JUnitReportReporter -->
<testsuite hostname="craze" failures="0" tests="1" name="com.foodbuddy.testCases.loginpage" time="1.577" errors="0" timestamp="2024-06-16T18:56:44 IST" skipped="0">
  <testcase classname="com.foodbuddy.testCases.loginpage" name="loginTestCase" time="1.577"/>
</testsuite> <!-- com.foodbuddy.testCases.loginpage -->
